<?xml version="1.0" encoding="UTF-8"?>
<!-- Generated by org.testng.reporters.JUnitReportReporter -->
<testsuite hostname="PNQ1-LHP-N91337" failures="0" tests="5" name="testngPackage.test5" time="0.014" errors="0" timestamp="2025-04-13T13:27:59 IST" skipped="0">
  <testcase classname="testngPackage.test5" name="x" time="0.000"/>
  <system-out/>
  <testcase classname="testngPackage.test5" name="f" time="0.010"/>
  <system-out/>
  <testcase classname="testngPackage.test5" name="g" time="0.001"/>
  <system-out/>
  <testcase classname="testngPackage.test5" name="b" time="0.002"/>
  <system-out/>
  <testcase classname="testngPackage.test5" name="y" time="0.001"/>
  <system-out/>
</testsuite> <!-- testngPackage.test5 -->
