<?xml version="1.0" encoding="UTF-8"?>
<!-- Generated by org.testng.reporters.JUnitReportReporter -->
<testsuite hostname="PNQ1-LHP-N91337" failures="0" tests="2" name="test1" time="0.012" errors="0" timestamp="2025-04-12T17:10:28 IST" skipped="0">
  <testcase classname="test1" name="demo" time="0.001"/>
  <system-out/>
  <testcase classname="test1" name="SecondTest" time="0.011"/>
  <system-out/>
</testsuite> <!-- test1 -->
