<?xml version="1.0" encoding="UTF-8"?>
<!-- Generated by org.testng.reporters.JUnitReportReporter -->
<testsuite hostname="PNQ1-LHP-N91337" failures="0" tests="3" name="testngPackage.test4" time="0.009" errors="0" timestamp="2025-04-12T22:13:55 IST" skipped="0">
  <testcase classname="testngPackage.test4" name="MobileLoginHOMELoan" time="0.005"/>
  <system-out/>
  <testcase classname="testngPackage.test4" name="LoginAPIHOMELoan" time="0.003"/>
  <system-out/>
  <testcase classname="testngPackage.test4" name="webLoginHOMELoan" time="0.001"/>
  <system-out/>
</testsuite> <!-- testngPackage.test4 -->
