<?xml version="1.0" encoding="UTF-8"?>
<!-- Generated by org.testng.reporters.JUnitReportReporter -->
<testsuite hostname="PNQ1-LHP-N91337" failures="0" tests="5" name="testngPackage.test1" time="0.040" errors="0" timestamp="2025-04-12T22:13:55 IST" skipped="0">
  <testcase classname="testngPackage.test1" name="AsecondTest2" time="0.012"/>
  <system-out/>
  <testcase classname="testngPackage.test1" name="BSecondTest4" time="0.016"/>
  <system-out/>
  <testcase classname="testngPackage.test1" name="demo" time="0.004"/>
  <system-out/>
  <testcase classname="testngPackage.test1" name="CSecondTest1" time="0.005"/>
  <system-out/>
  <testcase classname="testngPackage.test1" name="DSecondTest3" time="0.003"/>
  <system-out/>
</testsuite> <!-- testngPackage.test1 -->
