<?xml version="1.0" encoding="UTF-8"?>
<!-- Generated by org.testng.reporters.JUnitReportReporter -->
<testsuite hostname="PNQ1-LHP-N91337" failures="0" tests="4" name="testngPackage.test3" time="0.010" errors="0" timestamp="2025-04-12T22:13:55 IST" skipped="0">
  <testcase classname="testngPackage.test3" name="LoginAPICarLoan" time="0.002"/>
  <system-out/>
  <testcase classname="testngPackage.test3" name="firlastst" time="0.003"/>
  <system-out/>
  <testcase classname="testngPackage.test3" name="MobileLoginCarLoan" time="0.002"/>
  <system-out/>
  <testcase classname="testngPackage.test3" name="webLoginCarLoan" time="0.003"/>
  <system-out/>
</testsuite> <!-- testngPackage.test3 -->
