<?xml version="1.0" encoding="UTF-8"?>
<!-- Generated by org.testng.reporters.JUnitReportReporter -->
<testsuite hostname="PNQ1-LHP-N91337" failures="0" tests="1" name="testngPackage.test2" time="0.000" errors="0" timestamp="2025-04-12T22:13:55 IST" skipped="0">
  <testcase classname="testngPackage.test2" name="loan" time="0.000"/>
  <system-out/>
</testsuite> <!-- testngPackage.test2 -->
