<?xml version="1.0" encoding="UTF-8"?>
<!-- Generated by org.testng.reporters.JUnitReportReporter -->
<testsuite hostname="DESKTOP-76QJ2J4" failures="0" tests="2" name="testcases.TestLevelClass" time="0.207" errors="0" timestamp="2025-03-14T22:17:39 IST" skipped="0">
  <testcase classname="testcases.TestLevelClass" name="checkPageTitle" time="0.019"/>
  <system-out/>
  <testcase classname="testcases.TestLevelClass" name="checkUserCanEnterInputInNameInputField" time="0.188"/>
  <system-out/>
</testsuite> <!-- testcases.TestLevelClass -->
