<?xml version="1.0" encoding="UTF-8"?>
<!-- Generated by org.testng.reporters.JUnitReportReporter -->
<testsuite hostname="PNQ1-LHP-N91337" failures="0" tests="1" name="uploadFile" time="4.394" errors="0" timestamp="2025-02-10T14:38:07 IST" skipped="0">
  <testcase classname="uploadFile" name="uploadFileTest" time="4.394"/>
  <system-out/>
</testsuite> <!-- uploadFile -->
