<?xml version="1.0" encoding="UTF-8"?>
<!-- Generated by org.testng.reporters.JUnitReportReporter -->
<testsuite hostname="PNQ1-LHP-N91337" failures="0" tests="1" name="testcases.seleTest" time="4.190" errors="0" timestamp="2025-03-13T11:59:30 IST" skipped="0">
  <testcase classname="testcases.seleTest" name="verifyUserCanEnterNameInNameInputBox" time="4.190"/>
  <system-out/>
</testsuite> <!-- testcases.seleTest -->
