<?xml version="1.0" encoding="UTF-8"?>
<!-- Generated by org.testng.reporters.JUnitReportReporter -->
<testsuite hostname="DESKTOP-76QJ2J4" failures="0" tests="1" name="DemoPackage.demoClass" time="6.481" errors="0" timestamp="2024-06-27T16:48:25 IST" skipped="0">
  <testcase classname="DemoPackage.demoClass" name="demoCountry" time="6.481"/>
  <system-out/>
</testsuite> <!-- DemoPackage.demoClass -->
