<?xml version="1.0" encoding="UTF-8"?>
<!-- Generated by org.testng.reporters.JUnitReportReporter -->
<testsuite hostname="DESKTOP-76QJ2J4" failures="0" tests="1" name="Basic_Functions.scroll_Page" time="7.717" errors="0" timestamp="2024-06-21T15:36:11 IST" skipped="0">
  <testcase classname="Basic_Functions.scroll_Page" name="scroll" time="7.717"/>
  <system-out/>
</testsuite> <!-- Basic_Functions.scroll_Page -->
