<?xml version="1.0" encoding="UTF-8"?>
<!-- Generated by org.testng.reporters.JUnitReportReporter -->
<testsuite hostname="DESKTOP-76QJ2J4" failures="0" tests="1" name="Basic_Functions.screenShot" time="3.769" errors="0" timestamp="2024-07-08T09:11:28 IST" skipped="0">
  <testcase classname="Basic_Functions.screenShot" name="takeScreenShot" time="3.769"/>
  <system-out/>
</testsuite> <!-- Basic_Functions.screenShot -->
