<?xml version="1.0" encoding="UTF-8"?>
<!-- Generated by org.testng.reporters.JUnitReportReporter -->
<testsuite hostname="DESKTOP-76QJ2J4" failures="0" tests="1" name="Basic_Functions.elementNotClickable_Handle" time="4.615" errors="0" timestamp="2024-07-08T09:07:12 IST" skipped="0">
  <testcase classname="Basic_Functions.elementNotClickable_Handle" name="testHandle" time="4.615"/>
  <system-out/>
</testsuite> <!-- Basic_Functions.elementNotClickable_Handle -->
