<?xml version="1.0" encoding="UTF-8"?>
<!-- Generated by org.testng.reporters.JUnitReportReporter -->
<testsuite hostname="DESKTOP-76QJ2J4" failures="0" tests="1" name="datePicker.demoDatePicker" time="5.053" errors="0" timestamp="2024-07-04T17:26:06 IST" skipped="0">
  <testcase classname="datePicker.demoDatePicker" name="demotest" time="5.053"/>
  <system-out/>
</testsuite> <!-- datePicker.demoDatePicker -->
