<?xml version="1.0" encoding="UTF-8"?>
<!-- Generated by org.testng.reporters.JUnitReportReporter -->
<testsuite hostname="DESKTOP-76QJ2J4" failures="0" tests="1" name="datePicker.datePickerInDepth" time="15.216" errors="0" timestamp="2024-07-15T23:35:34 IST" skipped="0">
  <testcase classname="datePicker.datePickerInDepth" name="datePickerJQuery" time="15.216"/>
  <system-out/>
</testsuite> <!-- datePicker.datePickerInDepth -->
