<?xml version="1.0" encoding="UTF-8"?>
<!-- Generated by org.testng.reporters.JUnitReportReporter -->
<testsuite hostname="DESKTOP-76QJ2J4" failures="0" tests="2" name="Basic_Functions.selectDropdownWithoutSelectClass" time="5.005" errors="0" timestamp="2024-07-13T10:14:23 IST" skipped="1">
  <testcase classname="Basic_Functions.selectDropdownWithoutSelectClass" name="withSendKeys" time="5.005"/>
  <system-out/>
  <testcase classname="Basic_Functions.selectDropdownWithoutSelectClass" name="withJavaScriptExcecutor">
    <skipped/>
  </testcase> <!-- withJavaScriptExcecutor -->
  <system-out/>
</testsuite> <!-- Basic_Functions.selectDropdownWithoutSelectClass -->
