<?xml version="1.0" encoding="UTF-8"?>
<!-- Generated by org.testng.reporters.JUnitReportReporter -->
<testsuite hostname="DESKTOP-76QJ2J4" failures="0" tests="5" name="BasicJava_Practice.list_Practice_With_Notes" time="0.008" errors="0" timestamp="2024-07-10T14:21:35 IST" skipped="0">
  <testcase classname="BasicJava_Practice.list_Practice_With_Notes" name="listForts" time="0.002"/>
  <system-out/>
  <testcase classname="BasicJava_Practice.list_Practice_With_Notes" name="converArrayToList" time="0.002"/>
  <system-out/>
  <testcase classname="BasicJava_Practice.list_Practice_With_Notes" name="sortListStrings" time="0.002"/>
  <system-out/>
  <testcase classname="BasicJava_Practice.list_Practice_With_Notes" name="sortListInteger" time="0.002"/>
  <system-out/>
  <testcase classname="BasicJava_Practice.list_Practice_With_Notes" name="listIteratorInterface" time="0.000"/>
  <system-out/>
</testsuite> <!-- BasicJava_Practice.list_Practice_With_Notes -->
