<?xml version="1.0" encoding="UTF-8"?>
<!-- Generated by org.testng.reporters.JUnitReportReporter -->
<testsuite hostname="DESKTOP-76QJ2J4" failures="0" tests="1" name="DemoPackage.seleFeature" time="24.838" errors="0" timestamp="2024-07-11T21:39:18 IST" skipped="0">
  <testcase classname="DemoPackage.seleFeature" name="test1" time="24.838"/>
  <system-out/>
</testsuite> <!-- DemoPackage.seleFeature -->
