<?xml version="1.0" encoding="UTF-8"?>
<!-- Generated by org.testng.reporters.JUnitReportReporter -->
<testsuite hostname="DESKTOP-76QJ2J4" failures="0" tests="1" name="Basic_Functions.open_browser_with_url" time="3.770" errors="0" timestamp="2024-07-06T20:53:43 IST" skipped="0">
  <testcase classname="Basic_Functions.open_browser_with_url" name="open_browser_with_url_Method" time="3.770"/>
  <system-out/>
</testsuite> <!-- Basic_Functions.open_browser_with_url -->
