<?xml version="1.0" encoding="UTF-8"?>
<!-- Generated by org.testng.reporters.JUnitReportReporter -->
<testsuite hostname="DESKTOP-76QJ2J4" failures="0" tests="1" name="DemoPackage.amazonDemo" time="0.010" errors="0" timestamp="2024-07-10T14:21:35 IST" skipped="0">
  <testcase classname="DemoPackage.amazonDemo" name="amazonTest" time="0.010"/>
  <system-out/>
</testsuite> <!-- DemoPackage.amazonDemo -->
