<?xml version="1.0" encoding="UTF-8"?>
<!-- Generated by org.testng.reporters.JUnitReportReporter -->
<testsuite hostname="DESKTOP-76QJ2J4" failures="0" tests="1" name="forDemo.demoClass" time="6.043" errors="0" timestamp="2024-07-27T09:07:39 IST" skipped="0">
  <testcase classname="forDemo.demoClass" name="demoTest" time="6.043"/>
  <system-out/>
</testsuite> <!-- forDemo.demoClass -->
