<?xml version="1.0" encoding="UTF-8"?>
<!-- Generated by org.testng.reporters.JUnitReportReporter -->
<testsuite hostname="DESKTOP-76QJ2J4" failures="0" tests="1" name="datePicker.datePickerInDepth" time="7.628" errors="0" timestamp="2024-07-11T20:49:01 IST" skipped="0">
  <testcase classname="datePicker.datePickerInDepth" name="datePickerJQuery" time="7.628"/>
  <system-out/>
</testsuite> <!-- datePicker.datePickerInDepth -->
