<?xml version="1.0" encoding="UTF-8"?>
<!-- Generated by org.testng.reporters.JUnitReportReporter -->
<testsuite hostname="DESKTOP-76QJ2J4" failures="0" tests="1" name="DemoPackage.windowHandleClass" time="11.146" errors="0" timestamp="2024-07-11T21:05:12 IST" skipped="0">
  <testcase classname="DemoPackage.windowHandleClass" name="test1" time="11.146"/>
  <system-out/>
</testsuite> <!-- DemoPackage.windowHandleClass -->
