<?xml version="1.0" encoding="UTF-8"?>
<!-- Generated by org.testng.reporters.JUnitReportReporter -->
<testsuite hostname="DESKTOP-76QJ2J4" failures="0" tests="1" name="Basic_Functions.multiWindowHandle" time="14.109" errors="0" timestamp="2024-06-21T17:54:32 IST" skipped="0">
  <testcase classname="Basic_Functions.multiWindowHandle" name="multiWindowHandle_method" time="14.109"/>
  <system-out/>
</testsuite> <!-- Basic_Functions.multiWindowHandle -->
