<?xml version="1.0" encoding="UTF-8"?>
<!-- Generated by org.testng.reporters.JUnitReportReporter -->
<testsuite hostname="DESKTOP-76QJ2J4" failures="0" tests="1" name="Basic_Functions.redio_Button" time="6.985" errors="0" timestamp="2024-06-21T17:20:04 IST" skipped="0">
  <testcase classname="Basic_Functions.redio_Button" name="redio_Button_Feature" time="6.985"/>
  <system-out/>
</testsuite> <!-- Basic_Functions.redio_Button -->
