<?xml version="1.0" encoding="UTF-8"?>
<!-- Generated by org.testng.reporters.JUnitReportReporter -->
<testsuite hostname="DESKTOP-76QJ2J4" failures="0" tests="1" name="Basic_Functions.redio_Button" time="15.802" errors="0" timestamp="2024-06-19T14:53:54 IST" skipped="0">
  <testcase classname="Basic_Functions.redio_Button" name="disp" time="15.802"/>
  <system-out/>
</testsuite> <!-- Basic_Functions.redio_Button -->
