<?xml version="1.0" encoding="UTF-8"?>
<!-- Generated by org.testng.reporters.JUnitReportReporter -->
<testsuite hostname="DESKTOP-76QJ2J4" failures="0" tests="1" name="Basic_Functions.elementNotClickable_Handle" time="5.098" errors="0" timestamp="2024-07-12T13:21:44 IST" skipped="0">
  <testcase classname="Basic_Functions.elementNotClickable_Handle" name="testHandle" time="5.098"/>
  <system-out/>
</testsuite> <!-- Basic_Functions.elementNotClickable_Handle -->
