<?xml version="1.0" encoding="UTF-8"?>
<!-- Generated by org.testng.reporters.JUnitReportReporter -->
<testsuite hostname="DESKTOP-76QJ2J4" failures="0" tests="1" name="Basic_Functions.dropDown" time="3.935" errors="0" timestamp="2024-07-10T14:21:35 IST" skipped="0">
  <testcase classname="Basic_Functions.dropDown" name="dropDownFeature" time="3.935"/>
  <system-out/>
</testsuite> <!-- Basic_Functions.dropDown -->
