<?xml version="1.0" encoding="UTF-8"?>
<!-- Generated by org.testng.reporters.JUnitReportReporter -->
<testsuite hostname="DESKTOP-76QJ2J4" failures="0" tests="1" name="Basic_Functions.uploadFile" time="2.405" errors="0" timestamp="2024-07-08T12:15:29 IST" skipped="0">
  <testcase classname="Basic_Functions.uploadFile" name="uploadFileTest" time="2.405"/>
  <system-out/>
</testsuite> <!-- Basic_Functions.uploadFile -->
