<?xml version="1.0" encoding="UTF-8"?>
<!-- Generated by org.testng.reporters.JUnitReportReporter -->
<testsuite hostname="DESKTOP-76QJ2J4" failures="0" tests="1" name="BasicJava_Practice.list_Practice_With_Notes" time="0.007" errors="0" timestamp="2024-06-26T11:23:03 IST" skipped="0">
  <testcase classname="BasicJava_Practice.list_Practice_With_Notes" name="listIteratorInterface" time="0.007"/>
  <system-out/>
</testsuite> <!-- BasicJava_Practice.list_Practice_With_Notes -->
