<?xml version="1.0" encoding="UTF-8"?>
<!-- Generated by org.testng.reporters.JUnitReportReporter -->
<testsuite hostname="DESKTOP-76QJ2J4" failures="0" tests="1" name="testcases.SeleFeatures" time="0.010" errors="0" timestamp="2024-07-11T21:15:17 IST" skipped="0">
  <testcase classname="testcases.SeleFeatures" name="iframeAndAlertHandle" time="0.010"/>
  <system-out/>
</testsuite> <!-- testcases.SeleFeatures -->
