<?xml version="1.0" encoding="UTF-8"?>
<!-- Generated by org.testng.reporters.JUnitReportReporter -->
<testsuite hostname="DESKTOP-76QJ2J4" failures="0" tests="1" name="loginTest.loginTest" time="4.279" errors="0" timestamp="2024-07-11T21:06:15 IST" skipped="0">
  <testcase classname="loginTest.loginTest" name="test1" time="4.279"/>
  <system-out/>
</testsuite> <!-- loginTest.loginTest -->
